<?xml version="1.0" encoding="UTF-8"?>
<!-- Generated by org.testng.reporters.JUnitReportReporter -->
<testsuite hostname="DESKTOP-IF37F16" failures="0" tests="4" name="runner.runnerTestNg" time="30.222" errors="0" timestamp="2025-04-02T15:35:31 IST" skipped="0">
  <testcase classname="runner.runnerTestNg" name="runScenario" time="10.009"/>
  <testcase classname="runner.runnerTestNg" name="runScenario" time="6.187"/>
  <testcase classname="runner.runnerTestNg" name="runScenario" time="7.131"/>
  <testcase classname="runner.runnerTestNg" name="runScenario" time="6.895"/>
</testsuite> <!-- runner.runnerTestNg -->
