<?xml version="1.0" encoding="UTF-8"?>
<!-- Generated by org.testng.reporters.JUnitReportReporter -->
<testsuite hostname="DESKTOP-IF37F16" failures="0" tests="4" name="runner.runnerTestNg" time="18.046" errors="0" timestamp="2025-04-02T10:46:33 IST" skipped="0">
  <testcase classname="runner.runnerTestNg" name="runScenario" time="4.073"/>
  <testcase classname="runner.runnerTestNg" name="runScenario" time="4.358"/>
  <testcase classname="runner.runnerTestNg" name="runScenario" time="4.884"/>
  <testcase classname="runner.runnerTestNg" name="runScenario" time="4.731"/>
</testsuite> <!-- runner.runnerTestNg -->
