<?xml version="1.0" encoding="UTF-8"?>
<!-- Generated by org.testng.reporters.JUnitReportReporter -->
<testsuite hostname="DESKTOP-IF37F16" failures="0" tests="4" name="runner.runnerTestNg" time="18.960" errors="0" timestamp="2025-04-02T15:55:49 IST" skipped="0">
  <testcase classname="runner.runnerTestNg" name="runScenario" time="7.566"/>
  <testcase classname="runner.runnerTestNg" name="runScenario" time="3.699"/>
  <testcase classname="runner.runnerTestNg" name="runScenario" time="3.713"/>
  <testcase classname="runner.runnerTestNg" name="runScenario" time="3.982"/>
</testsuite> <!-- runner.runnerTestNg -->
