<?xml version="1.0" encoding="UTF-8"?>
<!-- Generated by org.testng.reporters.JUnitReportReporter -->
<testsuite hostname="DESKTOP-IF37F16" failures="0" tests="4" name="runner.runnerTestNg" time="102.287" errors="0" timestamp="2025-04-02T13:17:19 IST" skipped="0">
  <testcase classname="runner.runnerTestNg" name="runScenario" time="9.044"/>
  <testcase classname="runner.runnerTestNg" name="runScenario" time="10.714"/>
  <testcase classname="runner.runnerTestNg" name="runScenario" time="38.001"/>
  <testcase classname="runner.runnerTestNg" name="runScenario" time="44.528"/>
</testsuite> <!-- runner.runnerTestNg -->
