<?xml version="1.0" encoding="UTF-8"?>
<!-- Generated by org.testng.reporters.JUnitReportReporter -->
<testsuite hostname="DESKTOP-IF37F16" failures="0" tests="2" name="runner.runnerTestNg" time="23.817" errors="0" timestamp="2025-04-03T12:45:42 IST" skipped="0">
  <testcase classname="runner.runnerTestNg" name="runScenario" time="11.533"/>
  <testcase classname="runner.runnerTestNg" name="runScenario" time="12.284"/>
</testsuite> <!-- runner.runnerTestNg -->
