<?xml version="1.0" encoding="UTF-8"?>
<!-- Generated by org.testng.reporters.JUnitReportReporter -->
<testsuite hostname="DESKTOP-IF37F16" failures="0" tests="4" name="runner.runner" time="16.112" errors="0" timestamp="2025-04-02T06:10:30 IST" skipped="0">
  <testcase classname="runner.runner" name="runScenario" time="3.155"/>
  <testcase classname="runner.runner" name="runScenario" time="6.738"/>
  <testcase classname="runner.runner" name="runScenario" time="3.262"/>
  <testcase classname="runner.runner" name="runScenario" time="2.957"/>
</testsuite> <!-- runner.runner -->
