<?xml version="1.0" encoding="UTF-8"?>
<!-- Generated by org.testng.reporters.JUnitReportReporter -->
<testsuite hostname="DESKTOP-IF37F16" failures="0" tests="4" name="runner.runnerTestNg" time="37.405" errors="0" timestamp="2025-04-02T15:49:48 IST" skipped="0">
  <testcase classname="runner.runnerTestNg" name="runScenario" time="9.518"/>
  <testcase classname="runner.runnerTestNg" name="runScenario" time="6.209"/>
  <testcase classname="runner.runnerTestNg" name="runScenario" time="10.467"/>
  <testcase classname="runner.runnerTestNg" name="runScenario" time="11.211"/>
</testsuite> <!-- runner.runnerTestNg -->
