<?xml version="1.0" encoding="UTF-8"?>
<!-- Generated by org.testng.reporters.JUnitReportReporter -->
<testsuite hostname="DESKTOP-IF37F16" failures="0" tests="4" name="runner.runnerTestNg" time="17.076" errors="0" timestamp="2025-04-02T10:13:01 IST" skipped="0">
  <testcase classname="runner.runnerTestNg" name="runScenario" time="3.973"/>
  <testcase classname="runner.runnerTestNg" name="runScenario" time="4.809"/>
  <testcase classname="runner.runnerTestNg" name="runScenario" time="4.016"/>
  <testcase classname="runner.runnerTestNg" name="runScenario" time="4.278"/>
</testsuite> <!-- runner.runnerTestNg -->
